2017-03-04 19:29:07.115  INFO 6285 --- [main] com.synergysoft.tweet.TweetApplication   : Starting TweetApplication on kasons-MBP with PID 6285 (/Users/kason/Documents/Development/Sample/tweeter/target/classes started by kason in /Users/kason/Documents/Development/Sample/tweeter)
2017-03-04 19:29:07.118  INFO 6285 --- [main] com.synergysoft.tweet.TweetApplication   : No active profile set, falling back to default profiles: default
2017-03-04 19:29:07.185  INFO 6285 --- [main] ationConfigEmbeddedWebApplicationContext : Refreshing org.springframework.boot.context.embedded.AnnotationConfigEmbeddedWebApplicationContext@3b7a7068: startup date [Sat Mar 04 19:29:07 GMT 2017]; root of context hierarchy
2017-03-04 19:29:08.244  INFO 6285 --- [main] trationDelegate$BeanPostProcessorChecker : Bean 'org.springframework.boot.autoconfigure.validation.ValidationAutoConfiguration' of type [class org.springframework.boot.autoconfigure.validation.ValidationAutoConfiguration] is not eligible for getting processed by all BeanPostProcessors (for example: not eligible for auto-proxying)
2017-03-04 19:29:08.460  INFO 6285 --- [main] trationDelegate$BeanPostProcessorChecker : Bean 'validator' of type [class org.springframework.validation.beanvalidation.LocalValidatorFactoryBean] is not eligible for getting processed by all BeanPostProcessors (for example: not eligible for auto-proxying)
2017-03-04 19:29:08.753  INFO 6285 --- [main] s.b.c.e.t.TomcatEmbeddedServletContainer : Tomcat initialized with port(s): 8080 (http)
2017-03-04 19:29:08.772  INFO 6285 --- [main] o.apache.catalina.core.StandardService   : Starting service Tomcat
2017-03-04 19:29:08.774  INFO 6285 --- [main] org.apache.catalina.core.StandardEngine  : Starting Servlet Engine: Apache Tomcat/8.5.11
2017-03-04 19:29:08.875  INFO 6285 --- [localhost-startStop-1] o.a.c.c.C.[Tomcat].[localhost].[/]       : Initializing Spring embedded WebApplicationContext
2017-03-04 19:29:08.875  INFO 6285 --- [localhost-startStop-1] o.s.web.context.ContextLoader            : Root WebApplicationContext: initialization completed in 1693 ms
2017-03-04 19:29:09.030  INFO 6285 --- [localhost-startStop-1] o.s.b.w.servlet.ServletRegistrationBean  : Mapping servlet: 'dispatcherServlet' to [/]
2017-03-04 19:29:09.035  INFO 6285 --- [localhost-startStop-1] o.s.b.w.servlet.FilterRegistrationBean   : Mapping filter: 'characterEncodingFilter' to: [/*]
2017-03-04 19:29:09.035  INFO 6285 --- [localhost-startStop-1] o.s.b.w.servlet.FilterRegistrationBean   : Mapping filter: 'hiddenHttpMethodFilter' to: [/*]
2017-03-04 19:29:09.036  INFO 6285 --- [localhost-startStop-1] o.s.b.w.servlet.FilterRegistrationBean   : Mapping filter: 'httpPutFormContentFilter' to: [/*]
2017-03-04 19:29:09.036  INFO 6285 --- [localhost-startStop-1] o.s.b.w.servlet.FilterRegistrationBean   : Mapping filter: 'requestContextFilter' to: [/*]
2017-03-04 19:29:09.580  INFO 6285 --- [main] s.w.s.m.m.a.RequestMappingHandlerMapping : Mapped "{[/user/{userId}/follow/{followingUserId}],methods=[POST]}" onto public void com.synergysoft.tweet.web.FollowController.addFollow(java.lang.String,java.lang.String)
2017-03-04 19:29:09.582  INFO 6285 --- [main] s.w.s.m.m.a.RequestMappingHandlerMapping : Mapped "{[/user/{userId}/follow],methods=[GET],produces=[application/json]}" onto public java.util.Set<java.lang.String> com.synergysoft.tweet.web.FollowController.getFollowedUsers(java.lang.String)
2017-03-04 19:29:09.585  INFO 6285 --- [main] s.w.s.m.m.a.RequestMappingHandlerMapping : Mapped "{[/user/{userId}/tweet],methods=[GET],produces=[application/json]}" onto public java.util.List<com.synergysoft.tweet.domain.Tweet> com.synergysoft.tweet.web.TweetController.getTweet(java.lang.String)
2017-03-04 19:29:09.585  INFO 6285 --- [main] s.w.s.m.m.a.RequestMappingHandlerMapping : Mapped "{[/user/{userId}/tweet],methods=[POST],consumes=[application/json]}" onto public void com.synergysoft.tweet.web.TweetController.addTweet(com.synergysoft.tweet.domain.Tweet,java.lang.String)
2017-03-04 19:29:09.586  INFO 6285 --- [main] s.w.s.m.m.a.RequestMappingHandlerMapping : Mapped "{[/user/{userId}/timeline],methods=[GET],produces=[application/json]}" onto public java.util.List<com.synergysoft.tweet.domain.Tweet> com.synergysoft.tweet.web.TweetController.getTimeline(java.lang.String)
2017-03-04 19:29:09.587  INFO 6285 --- [main] s.w.s.m.m.a.RequestMappingHandlerMapping : Mapped "{[/v2/api-docs],methods=[GET],produces=[application/json || application/hal+json]}" onto public org.springframework.http.ResponseEntity<springfox.documentation.spring.web.json.Json> springfox.documentation.swagger2.web.Swagger2Controller.getDocumentation(java.lang.String,javax.servlet.http.HttpServletRequest)
2017-03-04 19:29:09.590  INFO 6285 --- [main] s.w.s.m.m.a.RequestMappingHandlerMapping : Mapped "{[/configuration/ui]}" onto org.springframework.http.ResponseEntity<springfox.documentation.swagger.web.UiConfiguration> springfox.documentation.swagger.web.ApiResourceController.uiConfiguration()
2017-03-04 19:29:09.591  INFO 6285 --- [main] s.w.s.m.m.a.RequestMappingHandlerMapping : Mapped "{[/configuration/security]}" onto org.springframework.http.ResponseEntity<springfox.documentation.swagger.web.SecurityConfiguration> springfox.documentation.swagger.web.ApiResourceController.securityConfiguration()
2017-03-04 19:29:09.592  INFO 6285 --- [main] s.w.s.m.m.a.RequestMappingHandlerMapping : Mapped "{[/swagger-resources]}" onto org.springframework.http.ResponseEntity<java.util.List<springfox.documentation.swagger.web.SwaggerResource>> springfox.documentation.swagger.web.ApiResourceController.swaggerResources()
2017-03-04 19:29:09.596  INFO 6285 --- [main] s.w.s.m.m.a.RequestMappingHandlerMapping : Mapped "{[/error]}" onto public org.springframework.http.ResponseEntity<java.util.Map<java.lang.String, java.lang.Object>> org.springframework.boot.autoconfigure.web.BasicErrorController.error(javax.servlet.http.HttpServletRequest)
2017-03-04 19:29:09.596  INFO 6285 --- [main] s.w.s.m.m.a.RequestMappingHandlerMapping : Mapped "{[/error],produces=[text/html]}" onto public org.springframework.web.servlet.ModelAndView org.springframework.boot.autoconfigure.web.BasicErrorController.errorHtml(javax.servlet.http.HttpServletRequest,javax.servlet.http.HttpServletResponse)
2017-03-04 19:29:09.773  INFO 6285 --- [main] s.w.s.m.m.a.RequestMappingHandlerAdapter : Looking for @ControllerAdvice: org.springframework.boot.context.embedded.AnnotationConfigEmbeddedWebApplicationContext@3b7a7068: startup date [Sat Mar 04 19:29:07 GMT 2017]; root of context hierarchy
2017-03-04 19:29:09.849  INFO 6285 --- [main] o.s.w.s.handler.SimpleUrlHandlerMapping  : Mapped URL path [/webjars/**] onto handler of type [class org.springframework.web.servlet.resource.ResourceHttpRequestHandler]
2017-03-04 19:29:09.850  INFO 6285 --- [main] o.s.w.s.handler.SimpleUrlHandlerMapping  : Mapped URL path [/**] onto handler of type [class org.springframework.web.servlet.resource.ResourceHttpRequestHandler]
2017-03-04 19:29:09.892  INFO 6285 --- [main] o.s.w.s.handler.SimpleUrlHandlerMapping  : Mapped URL path [/**/favicon.ico] onto handler of type [class org.springframework.web.servlet.resource.ResourceHttpRequestHandler]
2017-03-04 19:29:10.060  INFO 6285 --- [main] o.s.j.e.a.AnnotationMBeanExporter        : Registering beans for JMX exposure on startup
2017-03-04 19:29:10.078  INFO 6285 --- [main] d.s.w.p.DocumentationPluginsBootstrapper : Context refreshed
2017-03-04 19:29:10.121  INFO 6285 --- [main] d.s.w.p.DocumentationPluginsBootstrapper : Found 1 custom documentation plugin(s)
2017-03-04 19:29:10.134  INFO 6285 --- [main] s.d.s.w.s.ApiListingReferenceScanner     : Scanning for api listing references
2017-03-04 19:29:10.301  WARN 6285 --- [main] d.s.r.o.OperationImplicitParameterReader : Coercing to be of type string. This may not even be a scalar type in actuality
2017-03-04 19:29:10.405  INFO 6285 --- [main] s.b.c.e.t.TomcatEmbeddedServletContainer : Tomcat started on port(s): 8080 (http)
2017-03-04 19:29:10.413  INFO 6285 --- [main] com.synergysoft.tweet.TweetApplication   : Started TweetApplication in 3.789 seconds (JVM running for 6.674)
2017-03-04 19:29:16.190  INFO 6285 --- [http-nio-8080-exec-1] o.a.c.c.C.[Tomcat].[localhost].[/]       : Initializing Spring FrameworkServlet 'dispatcherServlet'
2017-03-04 19:29:16.191  INFO 6285 --- [http-nio-8080-exec-1] o.s.web.servlet.DispatcherServlet        : FrameworkServlet 'dispatcherServlet': initialization started
2017-03-04 19:29:16.216  INFO 6285 --- [http-nio-8080-exec-1] o.s.web.servlet.DispatcherServlet        : FrameworkServlet 'dispatcherServlet': initialization completed in 25 ms
2017-03-04 19:30:44.094  INFO 6285 --- [Thread-3] ationConfigEmbeddedWebApplicationContext : Closing org.springframework.boot.context.embedded.AnnotationConfigEmbeddedWebApplicationContext@3b7a7068: startup date [Sat Mar 04 19:29:07 GMT 2017]; root of context hierarchy
2017-03-04 19:30:44.097  INFO 6285 --- [Thread-3] o.s.j.e.a.AnnotationMBeanExporter        : Unregistering JMX-exposed beans on shutdown
